<?xml version="1.0" encoding="UTF-8"?>
<!-- Generated by org.testng.reporters.JUnitReportReporter -->
<testsuite hostname="DESKTOP-5DJG0VO" failures="0" tests="1" name="PageTest.ProductTest" time="0.039" errors="0" timestamp="2023-12-16T20:06:42 IST" skipped="0">
  <testcase classname="PageTest.ProductTest" name="productPagetest" time="0.039"/>
</testsuite> <!-- PageTest.ProductTest -->
